[  184265ms] [ERROR] Could not load content TypeError: Failed to fetch @ http://localhost:5173/src/App.jsx:30
[  263440ms] TypeError: Cannot read properties of undefined (reading 'date')
    at Archive (http://localhost:5173/src/components/Archive.jsx?t=1774775749429:85:207)
    at renderWithHooks (http://localhost:5173/node_modules/.vite/deps/chunk-PJEEZAML.js?v=0d2f0a2b:11548:26)
    at updateFunctionComponent (http://localhost:5173/node_modules/.vite/deps/chunk-PJEEZAML.js?v=0d2f0a2b:14582:28)
    at beginWork (http://localhost:5173/node_modules/.vite/deps/chunk-PJEEZAML.js?v=0d2f0a2b:15924:22)
    at HTMLUnknownElement.callCallback2 (http://localhost:5173/node_modules/.vite/deps/chunk-PJEEZAML.js?v=0d2f0a2b:3674:22)
    at Object.invokeGuardedCallbackDev (http://localhost:5173/node_modules/.vite/deps/chunk-PJEEZAML.js?v=0d2f0a2b:3699:24)
    at invokeGuardedCallback (http://localhost:5173/node_modules/.vite/deps/chunk-PJEEZAML.js?v=0d2f0a2b:3733:39)
    at beginWork$1 (http://localhost:5173/node_modules/.vite/deps/chunk-PJEEZAML.js?v=0d2f0a2b:19765:15)
    at performUnitOfWork (http://localhost:5173/node_modules/.vite/deps/chunk-PJEEZAML.js?v=0d2f0a2b:19198:20)
    at workLoopSync (http://localhost:5173/node_modules/.vite/deps/chunk-PJEEZAML.js?v=0d2f0a2b:19137:13)
[  263441ms] TypeError: Cannot read properties of undefined (reading 'date')
    at Archive (http://localhost:5173/src/components/Archive.jsx?t=1774775749429:85:207)
    at renderWithHooks (http://localhost:5173/node_modules/.vite/deps/chunk-PJEEZAML.js?v=0d2f0a2b:11548:26)
    at updateFunctionComponent (http://localhost:5173/node_modules/.vite/deps/chunk-PJEEZAML.js?v=0d2f0a2b:14582:28)
    at beginWork (http://localhost:5173/node_modules/.vite/deps/chunk-PJEEZAML.js?v=0d2f0a2b:15924:22)
    at HTMLUnknownElement.callCallback2 (http://localhost:5173/node_modules/.vite/deps/chunk-PJEEZAML.js?v=0d2f0a2b:3674:22)
    at Object.invokeGuardedCallbackDev (http://localhost:5173/node_modules/.vite/deps/chunk-PJEEZAML.js?v=0d2f0a2b:3699:24)
    at invokeGuardedCallback (http://localhost:5173/node_modules/.vite/deps/chunk-PJEEZAML.js?v=0d2f0a2b:3733:39)
    at beginWork$1 (http://localhost:5173/node_modules/.vite/deps/chunk-PJEEZAML.js?v=0d2f0a2b:19765:15)
    at performUnitOfWork (http://localhost:5173/node_modules/.vite/deps/chunk-PJEEZAML.js?v=0d2f0a2b:19198:20)
    at workLoopSync (http://localhost:5173/node_modules/.vite/deps/chunk-PJEEZAML.js?v=0d2f0a2b:19137:13)
[  263443ms] [ERROR] The above error occurred in the <Archive> component:

    at Archive (http://localhost:5173/src/components/Archive.jsx?t=1774775749429:20:35)
    at main
    at div
    at App (http://localhost:5173/src/App.jsx?t=1774775733436:29:17)

Consider adding an error boundary to your tree to customize error handling behavior.
Visit https://reactjs.org/link/error-boundaries to learn more about error boundaries. @ http://localhost:5173/node_modules/.vite/deps/chunk-PJEEZAML.js?v=0d2f0a2b:14031
[  263444ms] TypeError: Cannot read properties of undefined (reading 'date')
    at Archive (http://localhost:5173/src/components/Archive.jsx?t=1774775749429:85:207)
    at renderWithHooks (http://localhost:5173/node_modules/.vite/deps/chunk-PJEEZAML.js?v=0d2f0a2b:11548:26)
    at updateFunctionComponent (http://localhost:5173/node_modules/.vite/deps/chunk-PJEEZAML.js?v=0d2f0a2b:14582:28)
    at beginWork (http://localhost:5173/node_modules/.vite/deps/chunk-PJEEZAML.js?v=0d2f0a2b:15924:22)
    at beginWork$1 (http://localhost:5173/node_modules/.vite/deps/chunk-PJEEZAML.js?v=0d2f0a2b:19753:22)
    at performUnitOfWork (http://localhost:5173/node_modules/.vite/deps/chunk-PJEEZAML.js?v=0d2f0a2b:19198:20)
    at workLoopSync (http://localhost:5173/node_modules/.vite/deps/chunk-PJEEZAML.js?v=0d2f0a2b:19137:13)
    at renderRootSync (http://localhost:5173/node_modules/.vite/deps/chunk-PJEEZAML.js?v=0d2f0a2b:19116:15)
    at recoverFromConcurrentError (http://localhost:5173/node_modules/.vite/deps/chunk-PJEEZAML.js?v=0d2f0a2b:18736:28)
    at performSyncWorkOnRoot (http://localhost:5173/node_modules/.vite/deps/chunk-PJEEZAML.js?v=0d2f0a2b:18879:28)
